This is pdfTeX, Version 3.1415926-2.5-1.40.14 (TeX Live 2013/Debian) (format=latex 2014.8.12)  14 MAR 2015 14:31
entering extended mode
 restricted \write18 enabled.
 file:line:error style messages enabled.
 %&-line parsing enabled.
**paper
(./paper.tex
LaTeX2e <2011/06/27>
Babel <3.9h> and hyphenation patterns for 2 languages loaded.
(/usr/share/texlive/texmf-dist/tex/latex/base/book.cls
Document Class: book 2007/10/19 v1.4h Standard LaTeX document class
(/usr/share/texlive/texmf-dist/tex/latex/base/bk10.clo
File: bk10.clo 2007/10/19 v1.4h Standard LaTeX file (size option)
)
\c@part=\count79
\c@chapter=\count80
\c@section=\count81
\c@subsection=\count82
\c@subsubsection=\count83
\c@paragraph=\count84
\c@subparagraph=\count85
\c@figure=\count86
\c@table=\count87
\abovecaptionskip=\skip41
\belowcaptionskip=\skip42
\bibindent=\dimen102
)
(/usr/share/texlive/texmf-dist/tex/latex/url/url.sty
\Urlmuskip=\muskip10
Package: url 2013/09/16  ver 3.4  Verb mode for urls, etc.
) (./paper.aux)
\openout1 = `paper.aux'.

LaTeX Font Info:    Checking defaults for OML/cmm/m/it on input line 13.
LaTeX Font Info:    ... okay on input line 13.
LaTeX Font Info:    Checking defaults for T1/cmr/m/n on input line 13.
LaTeX Font Info:    ... okay on input line 13.
LaTeX Font Info:    Checking defaults for OT1/cmr/m/n on input line 13.
LaTeX Font Info:    ... okay on input line 13.
LaTeX Font Info:    Checking defaults for OMS/cmsy/m/n on input line 13.
LaTeX Font Info:    ... okay on input line 13.
LaTeX Font Info:    Checking defaults for OMX/cmex/m/n on input line 13.
LaTeX Font Info:    ... okay on input line 13.
LaTeX Font Info:    Checking defaults for U/cmr/m/n on input line 13.
LaTeX Font Info:    ... okay on input line 13.
LaTeX Font Info:    External font `cmex10' loaded for size
(Font)              <12> on input line 15.
LaTeX Font Info:    External font `cmex10' loaded for size
(Font)              <8> on input line 15.
LaTeX Font Info:    External font `cmex10' loaded for size
(Font)              <6> on input line 15.
 [1


]
(./introduction.tex [2

]
Chapter 1.
LaTeX Font Info:    External font `cmex10' loaded for size
(Font)              <7> on input line 8.
LaTeX Font Info:    External font `cmex10' loaded for size
(Font)              <5> on input line 8.
[3] [4] [5] [6]) [7] (./background.tex [8]
Chapter 2.
[9

] [10] [11] [12] [13]
Overfull \hbox (22.00993pt too wide) in paragraph at lines 173--175
\OT1/cmr/m/n/10 to a com-mon back-end lan-guage, BSP-occam; Hu-ber's Mas-Par UN
ITY [[]]
 []

) (./model.tex [14] [15] [16

]
Chapter 3.
(./clock_automaton.tex
\graph=\box26
\graphtemp=\dimen103
) [17] [18] [19] [20] [21] [22] (./clocksys.tex)
(./clocksys_alpha.tex) [23] [24])
Underfull \vbox (badness 1320) has occurred while \output is active []

 [25]
(./implementation.tex [26]
Chapter 4.
[27

] [28] [29] [30]) (./advanced.tex [31] [32

]
Chapter 5.
) (./evaluation.tex [33] [34

]
Chapter 6.
[35] (./webserver.tex) (./ethernet.tex) [36] [37]) [38] (./conclusion.tex
[39] [40

]
Chapter 7.

Overfull \hbox (20.69397pt too wide) in paragraph at lines 3--8
\OT1/cmr/m/n/10 A re-ac-tive sys-tem is char-ac-ter-ized by ``on-go-ing in-ter-
ac-tions with its environment[[]].''
 []

[41]) [42] (./paper.bbl [43] [44

] [45] [46] [47]
Underfull \hbox (badness 10000) in paragraph at lines 253--258
[]\OT1/cmr/m/n/10 James Rein-ders.  Trans-ac-tional syn-chro-niza-tion in haswe
ll.
 []


Underfull \hbox (badness 10000) in paragraph at lines 253--258
\OT1/cmtt/m/n/10 http : / / software . intel . com / en-[]us / blogs / 2012 / 0
2 / 07 /
 []

) [48] (./paper.aux) ) 
Here is how much of TeX's memory you used:
 449 strings out of 495033
 5561 string characters out of 6181744
 58430 words of memory out of 5000000
 3688 multiletter control sequences out of 15000+600000
 9369 words of font info for 33 fonts, out of 8000000 for 9000
 14 hyphenation exceptions out of 8191
 23i,8n,19p,582b,252s stack positions out of 5000i,500n,10000p,200000b,80000s

Output written on paper.dvi (48 pages, 140860 bytes).
